Compiling the C compiler identification source file "CMakeCCompilerId.c" failed.
Compiler: cl 
Build flags: 
Id flags:  

The output was:
系统找不到指定的文件。


Compiling the C compiler identification source file "CMakeCCompilerId.c" failed.
Compiler: cl 
Build flags: 
Id flags: -c 

The output was:
系统找不到指定的文件。


Compiling the C compiler identification source file "CMakeCCompilerId.c" failed.
Compiler: cl 
Build flags: 
Id flags: -Aa 

The output was:
系统找不到指定的文件。


Compiling the C compiler identification source file "CMakeCCompilerId.c" failed.
Compiler: cl 
Build flags: 
Id flags: -D__CLASSIC_C__ 

The output was:
系统找不到指定的文件。


Compiling the C compiler identification source file "CMakeCCompilerId.c" failed.
Compiler: cl 
Build flags: 
Id flags: --target=arm-arm-none-eabi;-mcpu=cortex-m3 

The output was:
系统找不到指定的文件。


Compiling the C compiler identification source file "CMakeCCompilerId.c" failed.
Compiler: cl 
Build flags: 
Id flags:  

The output was:
系统找不到指定的文件。


Compiling the C compiler identification source file "CMakeCCompilerId.c" failed.
Compiler: cl 
Build flags: 
Id flags: -c 

The output was:
系统找不到指定的文件。


Compiling the C compiler identification source file "CMakeCCompilerId.c" failed.
Compiler: cl 
Build flags: 
Id flags: -Aa 

The output was:
系统找不到指定的文件。


Compiling the C compiler identification source file "CMakeCCompilerId.c" failed.
Compiler: cl 
Build flags: 
Id flags: -D__CLASSIC_C__ 

The output was:
系统找不到指定的文件。


Compiling the C compiler identification source file "CMakeCCompilerId.c" failed.
Compiler: cl 
Build flags: 
Id flags: --target=arm-arm-none-eabi;-mcpu=cortex-m3 

The output was:
系统找不到指定的文件。


Checking whether the C compiler is IAR using "" did not match "IAR .+ Compiler":
Checking whether the C compiler is IAR using "" did not match "IAR .+ Compiler":
Compiling the CXX compiler identification source file "CMakeCXXCompilerId.cpp" failed.
Compiler: cl 
Build flags: 
Id flags:  

The output was:
系统找不到指定的文件。


Compiling the CXX compiler identification source file "CMakeCXXCompilerId.cpp" failed.
Compiler: cl 
Build flags: 
Id flags: -c 

The output was:
系统找不到指定的文件。


Compiling the CXX compiler identification source file "CMakeCXXCompilerId.cpp" failed.
Compiler: cl 
Build flags: 
Id flags: --c++ 

The output was:
系统找不到指定的文件。


Compiling the CXX compiler identification source file "CMakeCXXCompilerId.cpp" failed.
Compiler: cl 
Build flags: 
Id flags: --ec++ 

The output was:
系统找不到指定的文件。


Compiling the CXX compiler identification source file "CMakeCXXCompilerId.cpp" failed.
Compiler: cl 
Build flags: 
Id flags: --target=arm-arm-none-eabi;-mcpu=cortex-m3 

The output was:
系统找不到指定的文件。


Compiling the CXX compiler identification source file "CMakeCXXCompilerId.cpp" failed.
Compiler: cl 
Build flags: 
Id flags:  

The output was:
系统找不到指定的文件。


Compiling the CXX compiler identification source file "CMakeCXXCompilerId.cpp" failed.
Compiler: cl 
Build flags: 
Id flags: -c 

The output was:
系统找不到指定的文件。


Compiling the CXX compiler identification source file "CMakeCXXCompilerId.cpp" failed.
Compiler: cl 
Build flags: 
Id flags: --c++ 

The output was:
系统找不到指定的文件。


Compiling the CXX compiler identification source file "CMakeCXXCompilerId.cpp" failed.
Compiler: cl 
Build flags: 
Id flags: --ec++ 

The output was:
系统找不到指定的文件。


Compiling the CXX compiler identification source file "CMakeCXXCompilerId.cpp" failed.
Compiler: cl 
Build flags: 
Id flags: --target=arm-arm-none-eabi;-mcpu=cortex-m3 

The output was:
系统找不到指定的文件。


Checking whether the CXX compiler is IAR using "" did not match "IAR .+ Compiler":
Checking whether the CXX compiler is IAR using "" did not match "IAR .+ Compiler":
Compiling the C compiler identification source file "CMakeCCompilerId.c" failed.
Compiler: cl 
Build flags: 
Id flags:  

The output was:
系统找不到指定的文件。


Compiling the C compiler identification source file "CMakeCCompilerId.c" failed.
Compiler: cl 
Build flags: 
Id flags: -c 

The output was:
系统找不到指定的文件。


Compiling the C compiler identification source file "CMakeCCompilerId.c" failed.
Compiler: cl 
Build flags: 
Id flags: -Aa 

The output was:
系统找不到指定的文件。


Compiling the C compiler identification source file "CMakeCCompilerId.c" failed.
Compiler: cl 
Build flags: 
Id flags: -D__CLASSIC_C__ 

The output was:
系统找不到指定的文件。


Compiling the C compiler identification source file "CMakeCCompilerId.c" failed.
Compiler: cl 
Build flags: 
Id flags: --target=arm-arm-none-eabi;-mcpu=cortex-m3 

The output was:
系统找不到指定的文件。


Compiling the C compiler identification source file "CMakeCCompilerId.c" failed.
Compiler: cl 
Build flags: 
Id flags:  

The output was:
系统找不到指定的文件。


Compiling the C compiler identification source file "CMakeCCompilerId.c" failed.
Compiler: cl 
Build flags: 
Id flags: -c 

The output was:
系统找不到指定的文件。


Compiling the C compiler identification source file "CMakeCCompilerId.c" failed.
Compiler: cl 
Build flags: 
Id flags: -Aa 

The output was:
系统找不到指定的文件。


Compiling the C compiler identification source file "CMakeCCompilerId.c" failed.
Compiler: cl 
Build flags: 
Id flags: -D__CLASSIC_C__ 

The output was:
系统找不到指定的文件。


Compiling the C compiler identification source file "CMakeCCompilerId.c" failed.
Compiler: cl 
Build flags: 
Id flags: --target=arm-arm-none-eabi;-mcpu=cortex-m3 

The output was:
系统找不到指定的文件。


Checking whether the C compiler is IAR using "" did not match "IAR .+ Compiler":
Checking whether the C compiler is IAR using "" did not match "IAR .+ Compiler":
Compiling the CXX compiler identification source file "CMakeCXXCompilerId.cpp" failed.
Compiler: cl 
Build flags: 
Id flags:  

The output was:
系统找不到指定的文件。


Compiling the CXX compiler identification source file "CMakeCXXCompilerId.cpp" failed.
Compiler: cl 
Build flags: 
Id flags: -c 

The output was:
系统找不到指定的文件。


Compiling the CXX compiler identification source file "CMakeCXXCompilerId.cpp" failed.
Compiler: cl 
Build flags: 
Id flags: --c++ 

The output was:
系统找不到指定的文件。


Compiling the CXX compiler identification source file "CMakeCXXCompilerId.cpp" failed.
Compiler: cl 
Build flags: 
Id flags: --ec++ 

The output was:
系统找不到指定的文件。


Compiling the CXX compiler identification source file "CMakeCXXCompilerId.cpp" failed.
Compiler: cl 
Build flags: 
Id flags: --target=arm-arm-none-eabi;-mcpu=cortex-m3 

The output was:
系统找不到指定的文件。


Compiling the CXX compiler identification source file "CMakeCXXCompilerId.cpp" failed.
Compiler: cl 
Build flags: 
Id flags:  

The output was:
系统找不到指定的文件。


Compiling the CXX compiler identification source file "CMakeCXXCompilerId.cpp" failed.
Compiler: cl 
Build flags: 
Id flags: -c 

The output was:
系统找不到指定的文件。


Compiling the CXX compiler identification source file "CMakeCXXCompilerId.cpp" failed.
Compiler: cl 
Build flags: 
Id flags: --c++ 

The output was:
系统找不到指定的文件。


Compiling the CXX compiler identification source file "CMakeCXXCompilerId.cpp" failed.
Compiler: cl 
Build flags: 
Id flags: --ec++ 

The output was:
系统找不到指定的文件。


Compiling the CXX compiler identification source file "CMakeCXXCompilerId.cpp" failed.
Compiler: cl 
Build flags: 
Id flags: --target=arm-arm-none-eabi;-mcpu=cortex-m3 

The output was:
系统找不到指定的文件。


Checking whether the CXX compiler is IAR using "" did not match "IAR .+ Compiler":
Checking whether the CXX compiler is IAR using "" did not match "IAR .+ Compiler":
Detecting C compiler ABI info failed to compile with the following output:
Change Dir: E:/0_GitRepository/CppTest/build/CMakeFiles/CMakeTmp

Run Build Command(s):D:/MinGW/bin/mingw32-make.exe cmTC_45631/fast && Exit code 0xc0000135

Generator: execution of make failed. Make command was: D:/MinGW/bin/mingw32-make.exe cmTC_45631/fast && 



Determining if the C compiler works failed with the following output:
Change Dir: E:/0_GitRepository/CppTest/build/CMakeFiles/CMakeTmp

Run Build Command(s):D:/MinGW/bin/mingw32-make.exe cmTC_41232/fast && Exit code 0xc0000135

Generator: execution of make failed. Make command was: D:/MinGW/bin/mingw32-make.exe cmTC_41232/fast && 


Detecting C compiler ABI info failed to compile with the following output:
Change Dir: E:/0_GitRepository/CppTest/build/CMakeFiles/CMakeTmp

Run Build Command(s):D:/MinGW/bin/mingw32-make.exe cmTC_a2157/fast && 系统找不到指定的文件。
Generator: execution of make failed. Make command was: D:/MinGW/bin/mingw32-make.exe cmTC_a2157/fast && 



Determining if the C compiler works failed with the following output:
Change Dir: E:/0_GitRepository/CppTest/build/CMakeFiles/CMakeTmp

Run Build Command(s):D:/MinGW/bin/mingw32-make.exe cmTC_ef4b2/fast && 系统找不到指定的文件。
Generator: execution of make failed. Make command was: D:/MinGW/bin/mingw32-make.exe cmTC_ef4b2/fast && 


Detecting C compiler ABI info failed to compile with the following output:
Change Dir: E:/0_GitRepository/CppTest/build/CMakeFiles/CMakeTmp

Run Build Command(s):D:/MinGW/bin/mingw32-make.exe cmTC_116a9/fast && 系统找不到指定的文件。
Generator: execution of make failed. Make command was: D:/MinGW/bin/mingw32-make.exe cmTC_116a9/fast && 



Determining if the C compiler works failed with the following output:
Change Dir: E:/0_GitRepository/CppTest/build/CMakeFiles/CMakeTmp

Run Build Command(s):D:/MinGW/bin/mingw32-make.exe cmTC_052fc/fast && 系统找不到指定的文件。
Generator: execution of make failed. Make command was: D:/MinGW/bin/mingw32-make.exe cmTC_052fc/fast && 


Detecting C compiler ABI info failed to compile with the following output:
Change Dir: E:/0_GitRepository/CppTest/build/CMakeFiles/CMakeTmp

Run Build Command(s):D:/MinGW/bin/mingw32-make.exe cmTC_3e458/fast && 系统找不到指定的文件。
Generator: execution of make failed. Make command was: D:/MinGW/bin/mingw32-make.exe cmTC_3e458/fast && 



Determining if the C compiler works failed with the following output:
Change Dir: E:/0_GitRepository/CppTest/build/CMakeFiles/CMakeTmp

Run Build Command(s):D:/MinGW/bin/mingw32-make.exe cmTC_16014/fast && 系统找不到指定的文件。
Generator: execution of make failed. Make command was: D:/MinGW/bin/mingw32-make.exe cmTC_16014/fast && 


Detecting C compiler ABI info failed to compile with the following output:
Change Dir: E:/0_GitRepository/CppTest/build/CMakeFiles/CMakeTmp

Run Build Command(s):D:/MinGW/bin/mingw32-make.exe cmTC_fe9cd/fast && 系统找不到指定的文件。
Generator: execution of make failed. Make command was: D:/MinGW/bin/mingw32-make.exe cmTC_fe9cd/fast && 



Determining if the C compiler works failed with the following output:
Change Dir: E:/0_GitRepository/CppTest/build/CMakeFiles/CMakeTmp

Run Build Command(s):D:/MinGW/bin/mingw32-make.exe cmTC_18275/fast && 系统找不到指定的文件。
Generator: execution of make failed. Make command was: D:/MinGW/bin/mingw32-make.exe cmTC_18275/fast && 


Detecting C compiler ABI info failed to compile with the following output:
Change Dir: E:/0_GitRepository/CppTest/build/CMakeFiles/CMakeTmp

Run Build Command(s):D:/MinGW/bin/mingw32-make.exe cmTC_f4bf2/fast && 系统找不到指定的文件。
Generator: execution of make failed. Make command was: D:/MinGW/bin/mingw32-make.exe cmTC_f4bf2/fast && 



Determining if the C compiler works failed with the following output:
Change Dir: E:/0_GitRepository/CppTest/build/CMakeFiles/CMakeTmp

Run Build Command(s):D:/MinGW/bin/mingw32-make.exe cmTC_d3953/fast && 系统找不到指定的文件。
Generator: execution of make failed. Make command was: D:/MinGW/bin/mingw32-make.exe cmTC_d3953/fast && 


Detecting C compiler ABI info failed to compile with the following output:
Change Dir: E:/0_GitRepository/CppTest/build/CMakeFiles/CMakeTmp

Run Build Command(s):D:/MinGW/bin/mingw32-make.exe cmTC_dd7fa/fast && 系统找不到指定的文件。
Generator: execution of make failed. Make command was: D:/MinGW/bin/mingw32-make.exe cmTC_dd7fa/fast && 



Determining if the C compiler works failed with the following output:
Change Dir: E:/0_GitRepository/CppTest/build/CMakeFiles/CMakeTmp

Run Build Command(s):D:/MinGW/bin/mingw32-make.exe cmTC_85e8a/fast && 系统找不到指定的文件。
Generator: execution of make failed. Make command was: D:/MinGW/bin/mingw32-make.exe cmTC_85e8a/fast && 


Detecting C compiler ABI info failed to compile with the following output:
Change Dir: E:/0_GitRepository/CppTest/build/CMakeFiles/CMakeTmp

Run Build Command(s):D:/MinGW/bin/mingw32-make.exe cmTC_c899e/fast && 系统找不到指定的文件。
Generator: execution of make failed. Make command was: D:/MinGW/bin/mingw32-make.exe cmTC_c899e/fast && 



Determining if the C compiler works failed with the following output:
Change Dir: E:/0_GitRepository/CppTest/build/CMakeFiles/CMakeTmp

Run Build Command(s):D:/MinGW/bin/mingw32-make.exe cmTC_db7f7/fast && 系统找不到指定的文件。
Generator: execution of make failed. Make command was: D:/MinGW/bin/mingw32-make.exe cmTC_db7f7/fast && 


Detecting C compiler ABI info failed to compile with the following output:
Change Dir: E:/0_GitRepository/CppTest/build/CMakeFiles/CMakeTmp

Run Build Command(s):D:/MinGW/bin/mingw32-make.exe cmTC_7ec7b/fast && 系统找不到指定的文件。
Generator: execution of make failed. Make command was: D:/MinGW/bin/mingw32-make.exe cmTC_7ec7b/fast && 



Determining if the C compiler works failed with the following output:
Change Dir: E:/0_GitRepository/CppTest/build/CMakeFiles/CMakeTmp

Run Build Command(s):D:/MinGW/bin/mingw32-make.exe cmTC_869e0/fast && 系统找不到指定的文件。
Generator: execution of make failed. Make command was: D:/MinGW/bin/mingw32-make.exe cmTC_869e0/fast && 


